Using pre-set license
Built from '2021.1/staging' branch; Version is '2021.1.5f1 (3737af19df53) revision 3618735'; Using compiler version '192528614'; Build Type 'Release'
OS: 'Windows 10 Pro; OS build 19042.1165; Version 2009; 64bit' Language: 'en' Physical Memory: 16196 MB
BatchMode: 1, IsHumanControllingUs: 0, StartBugReporterOnCrash: 0, Is64bit: 1, IsPro: 0

 COMMAND LINE ARGUMENTS:
C:\Program Files\editors_folder\2021.1.5f1\Editor\Unity.exe
-adb2
-batchMode
-noUpm
-name
AssetImportWorker0
-projectPath
C:/Users/peti/Documents/GitHub/brackeys2/gamejam
-logFile
Logs/AssetImportWorker0.log
-srvPort
52583
Successfully changed project path to: C:/Users/peti/Documents/GitHub/brackeys2/gamejam
C:/Users/peti/Documents/GitHub/brackeys2/gamejam
Using Asset Import Pipeline V2.
Refreshing native plugins compatible for Editor in 108.73 ms, found 1 plugins.
Preloading 0 native plugins for Editor in 0.00 ms.
Initialize engine version: 2021.1.5f1 (3737af19df53)
[Subsystems] Discovering subsystems at path C:/Program Files/editors_folder/2021.1.5f1/Editor/Data/Resources/UnitySubsystems
[Subsystems] Discovering subsystems at path C:/Users/peti/Documents/GitHub/brackeys2/gamejam/Assets
GfxDevice: creating device client; threaded=0; jobified=0
Direct3D:
    Version:  Direct3D 11.0 [level 11.1]
    Renderer: NVIDIA GeForce RTX 2060 (ID=0x1f11)
    Vendor:   NVIDIA
    VRAM:     5980 MB
    Driver:   27.21.14.6663
Initialize mono
Mono path[0] = 'C:/Program Files/editors_folder/2021.1.5f1/Editor/Data/Managed'
Mono path[1] = 'C:/Program Files/editors_folder/2021.1.5f1/Editor/Data/MonoBleedingEdge/lib/mono/unityjit'
Mono config path = 'C:/Program Files/editors_folder/2021.1.5f1/Editor/Data/MonoBleedingEdge/etc'
Using monoOptions --debugger-agent=transport=dt_socket,embedding=1,server=y,suspend=n,address=127.0.0.1:56316
Begin MonoManager ReloadAssembly
Registering precompiled unity dll's ...
Register platform support module: C:/Program Files/editors_folder/2021.1.5f1/Editor/Data/PlaybackEngines/WebGLSupport/UnityEditor.WebGL.Extensions.dll
Register platform support module: C:/Program Files/editors_folder/2021.1.5f1/Editor/Data/PlaybackEngines/MacStandaloneSupport/UnityEditor.OSXStandalone.Extensions.dll
Register platform support module: C:/Program Files/editors_folder/2021.1.5f1/Editor/Data/PlaybackEngines/WindowsStandaloneSupport/UnityEditor.WindowsStandalone.Extensions.dll
Register platform support module: C:/Program Files/editors_folder/2021.1.5f1/Editor/Data/PlaybackEngines/LinuxStandaloneSupport/UnityEditor.LinuxStandalone.Extensions.dll
Register platform support module: C:/Program Files/editors_folder/2021.1.5f1/Editor/Data/PlaybackEngines/LuminSupport/UnityEditor.Lumin.Extensions.dll
Registered in 0.003592 seconds.
Native extension for Lumin target not found
Native extension for LinuxStandalone target not found
Native extension for WindowsStandalone target not found
Native extension for OSXStandalone target not found
Native extension for WebGL target not found
Refreshing native plugins compatible for Editor in 105.80 ms, found 1 plugins.
Preloading 0 native plugins for Editor in 0.00 ms.
Mono: successfully reloaded assembly
- Completed reload, in  2.104 seconds
Platform modules already initialized, skipping
Registering precompiled user dll's ...
Registered in 0.003156 seconds.
Begin MonoManager ReloadAssembly
Native extension for Lumin target not found
Native extension for LinuxStandalone target not found
Native extension for WindowsStandalone target not found
Native extension for OSXStandalone target not found
Native extension for WebGL target not found
Refreshing native plugins compatible for Editor in 105.51 ms, found 1 plugins.
Preloading 0 native plugins for Editor in 0.00 ms.
Mono: successfully reloaded assembly
- Completed reload, in  1.098 seconds
Platform modules already initialized, skipping
========================================================================
Worker process is ready to serve import requests
Shader 'Universal Render Pipeline/Particles/Lit': fallback shader 'Universal Render Pipeline/Particles/SimpleLit' not found
Shader 'Universal Render Pipeline/Particles/Lit': fallback shader 'Universal Render Pipeline/Particles/SimpleLit' not found
Launched and connected shader compiler UnityShaderCompiler.exe after 0.04 seconds
Refreshing native plugins compatible for Editor in 0.64 ms, found 1 plugins.
Preloading 0 native plugins for Editor in 0.00 ms.
Unloading 4151 Unused Serialized files (Serialized files now loaded: 0)
System memory in use before: 164.2 MB.
System memory in use after: 161.7 MB.

Unloading 48 unused Assets to reduce memory usage. Loaded Objects now: 4576.
Total: 3.050100 ms (FindLiveObjects: 0.273200 ms CreateObjectMapping: 0.202200 ms MarkObjects: 1.662100 ms  DeleteObjects: 0.912100 ms)

========================================================================
Received Import Request.
  path: Assets/Scenes/GAME.unity
  artifactKey: Guid(2d00e28763f5b344c8b115a0682ac800) Importer(815301076,1909f56bfc062723c751e8b465ee728b)
Start importing Assets/Scenes/GAME.unity using Guid(2d00e28763f5b344c8b115a0682ac800) Importer(815301076,1909f56bfc062723c751e8b465ee728b)  -> (artifact id: '99646d25bb86533e3c0ec4b8b3d80427') in 0.018450 seconds 
========================================================================
Received Prepare
Registering precompiled user dll's ...
Registered in 0.003287 seconds.
Begin MonoManager ReloadAssembly
Native extension for Lumin target not found
Native extension for LinuxStandalone target not found
Native extension for WindowsStandalone target not found
Native extension for OSXStandalone target not found
Native extension for WebGL target not found
Refreshing native plugins compatible for Editor in 0.65 ms, found 1 plugins.
Preloading 0 native plugins for Editor in 0.00 ms.
Mono: successfully reloaded assembly
- Completed reload, in  0.927 seconds
Platform modules already initialized, skipping
Shader 'Universal Render Pipeline/Particles/Lit': fallback shader 'Universal Render Pipeline/Particles/SimpleLit' not found
Shader 'Universal Render Pipeline/Particles/Lit': fallback shader 'Universal Render Pipeline/Particles/SimpleLit' not found
Refreshing native plugins compatible for Editor in 0.64 ms, found 1 plugins.
Preloading 0 native plugins for Editor in 0.00 ms.
Unloading 4061 Unused Serialized files (Serialized files now loaded: 0)
System memory in use before: 159.0 MB.
System memory in use after: 156.6 MB.

Unloading 43 unused Assets to reduce memory usage. Loaded Objects now: 4579.
Total: 3.325900 ms (FindLiveObjects: 0.288600 ms CreateObjectMapping: 0.205700 ms MarkObjects: 1.951900 ms  DeleteObjects: 0.878800 ms)

========================================================================
Received Prepare
Registering precompiled user dll's ...
Registered in 0.003163 seconds.
Begin MonoManager ReloadAssembly
Native extension for Lumin target not found
Native extension for LinuxStandalone target not found
Native extension for WindowsStandalone target not found
Native extension for OSXStandalone target not found
Native extension for WebGL target not found
Refreshing native plugins compatible for Editor in 0.75 ms, found 1 plugins.
Preloading 0 native plugins for Editor in 0.00 ms.
Mono: successfully reloaded assembly
- Completed reload, in  0.987 seconds
Platform modules already initialized, skipping
Shader 'Universal Render Pipeline/Particles/Lit': fallback shader 'Universal Render Pipeline/Particles/SimpleLit' not found
Shader 'Universal Render Pipeline/Particles/Lit': fallback shader 'Universal Render Pipeline/Particles/SimpleLit' not found
Refreshing native plugins compatible for Editor in 0.66 ms, found 1 plugins.
Preloading 0 native plugins for Editor in 0.00 ms.
Unloading 4062 Unused Serialized files (Serialized files now loaded: 0)
System memory in use before: 159.1 MB.
System memory in use after: 156.7 MB.

Unloading 43 unused Assets to reduce memory usage. Loaded Objects now: 4583.
Total: 6.273200 ms (FindLiveObjects: 0.656500 ms CreateObjectMapping: 0.325000 ms MarkObjects: 4.124500 ms  DeleteObjects: 1.165300 ms)

========================================================================
Received Prepare
Registering precompiled user dll's ...
Registered in 0.005512 seconds.
Begin MonoManager ReloadAssembly
Native extension for Lumin target not found
Native extension for LinuxStandalone target not found
Native extension for WindowsStandalone target not found
Native extension for OSXStandalone target not found
Native extension for WebGL target not found
Refreshing native plugins compatible for Editor in 0.66 ms, found 1 plugins.
Preloading 0 native plugins for Editor in 0.00 ms.
Mono: successfully reloaded assembly
- Completed reload, in  0.944 seconds
Platform modules already initialized, skipping
Shader 'Universal Render Pipeline/Particles/Lit': fallback shader 'Universal Render Pipeline/Particles/SimpleLit' not found
Shader 'Universal Render Pipeline/Particles/Lit': fallback shader 'Universal Render Pipeline/Particles/SimpleLit' not found
Refreshing native plugins compatible for Editor in 0.65 ms, found 1 plugins.
Preloading 0 native plugins for Editor in 0.00 ms.
Unloading 4062 Unused Serialized files (Serialized files now loaded: 0)
System memory in use before: 159.1 MB.
System memory in use after: 156.7 MB.

Unloading 43 unused Assets to reduce memory usage. Loaded Objects now: 4586.
Total: 3.105800 ms (FindLiveObjects: 0.292400 ms CreateObjectMapping: 0.202500 ms MarkObjects: 1.688200 ms  DeleteObjects: 0.921500 ms)

========================================================================
Received Prepare
Registering precompiled user dll's ...
Registered in 0.003140 seconds.
Begin MonoManager ReloadAssembly
Native extension for Lumin target not found
Native extension for LinuxStandalone target not found
Native extension for WindowsStandalone target not found
Native extension for OSXStandalone target not found
Native extension for WebGL target not found
Refreshing native plugins compatible for Editor in 0.65 ms, found 1 plugins.
Preloading 0 native plugins for Editor in 0.00 ms.
Mono: successfully reloaded assembly
- Completed reload, in  0.923 seconds
Platform modules already initialized, skipping
Shader 'Universal Render Pipeline/Particles/Lit': fallback shader 'Universal Render Pipeline/Particles/SimpleLit' not found
Shader 'Universal Render Pipeline/Particles/Lit': fallback shader 'Universal Render Pipeline/Particles/SimpleLit' not found
Refreshing native plugins compatible for Editor in 0.67 ms, found 1 plugins.
Preloading 0 native plugins for Editor in 0.00 ms.
Unloading 4062 Unused Serialized files (Serialized files now loaded: 0)
System memory in use before: 159.1 MB.
System memory in use after: 156.7 MB.

Unloading 43 unused Assets to reduce memory usage. Loaded Objects now: 4589.
Total: 3.185000 ms (FindLiveObjects: 0.276700 ms CreateObjectMapping: 0.201900 ms MarkObjects: 1.779100 ms  DeleteObjects: 0.926400 ms)

========================================================================
Received Import Request.
  Time since last request: 1055.195066 seconds.
  path: Assets/Materials
  artifactKey: Guid(d0234ba368eeec9418390da711bfdad0) Importer(815301076,1909f56bfc062723c751e8b465ee728b)
Start importing Assets/Materials using Guid(d0234ba368eeec9418390da711bfdad0) Importer(815301076,1909f56bfc062723c751e8b465ee728b)  -> (artifact id: 'fa67f7aafba014bdcc74449d8eba51d0') in 0.009521 seconds 
========================================================================
Received Import Request.
  Time since last request: 0.076039 seconds.
  path: Assets/Materials/Enemy.mat
  artifactKey: Guid(7c68e93ca09e5d249876b11d8552d3ec) Importer(815301076,1909f56bfc062723c751e8b465ee728b)
Start importing Assets/Materials/Enemy.mat using Guid(7c68e93ca09e5d249876b11d8552d3ec) Importer(815301076,1909f56bfc062723c751e8b465ee728b)  -> (artifact id: 'c6d22dad37cbe777c4c845af499ab45f') in 0.223687 seconds 
========================================================================
Received Import Request.
  Time since last request: 0.000163 seconds.
  path: Assets/Materials/Skybox_Mat.mat
  artifactKey: Guid(0ffaa0b7117ba8c47a9d05ae701d4b4d) Importer(815301076,1909f56bfc062723c751e8b465ee728b)
Start importing Assets/Materials/Skybox_Mat.mat using Guid(0ffaa0b7117ba8c47a9d05ae701d4b4d) Importer(815301076,1909f56bfc062723c751e8b465ee728b)  -> (artifact id: 'f1e587b2d9f39b4a8da249a6a8f56a44') in 0.015887 seconds 
========================================================================
Received Import Request.
  Time since last request: 0.000185 seconds.
  path: Assets/Materials/Ground.mat
  artifactKey: Guid(2b263877ffcf6c04db1bb1af6f89586c) Importer(815301076,1909f56bfc062723c751e8b465ee728b)
Start importing Assets/Materials/Ground.mat using Guid(2b263877ffcf6c04db1bb1af6f89586c) Importer(815301076,1909f56bfc062723c751e8b465ee728b)  -> (artifact id: '171bbf6d807371e246fbc2ff9034f5f8') in 0.011341 seconds 
========================================================================
Received Prepare
Registering precompiled user dll's ...
Registered in 0.003220 seconds.
Begin MonoManager ReloadAssembly
Native extension for Lumin target not found
Native extension for LinuxStandalone target not found
Native extension for WindowsStandalone target not found
Native extension for OSXStandalone target not found
Native extension for WebGL target not found
Refreshing native plugins compatible for Editor in 0.64 ms, found 1 plugins.
Preloading 0 native plugins for Editor in 0.00 ms.
Mono: successfully reloaded assembly
- Completed reload, in  0.982 seconds
Platform modules already initialized, skipping
Shader 'Universal Render Pipeline/Particles/Lit': fallback shader 'Universal Render Pipeline/Particles/SimpleLit' not found
Shader 'Universal Render Pipeline/Particles/Lit': fallback shader 'Universal Render Pipeline/Particles/SimpleLit' not found
Refreshing native plugins compatible for Editor in 0.64 ms, found 1 plugins.
Preloading 0 native plugins for Editor in 0.00 ms.
Unloading 4062 Unused Serialized files (Serialized files now loaded: 0)
System memory in use before: 165.7 MB.
System memory in use after: 163.3 MB.

Unloading 43 unused Assets to reduce memory usage. Loaded Objects now: 4670.
Total: 3.141400 ms (FindLiveObjects: 0.287700 ms CreateObjectMapping: 0.211800 ms MarkObjects: 1.756200 ms  DeleteObjects: 0.884900 ms)

========================================================================
Received Prepare
Registering precompiled user dll's ...
Registered in 0.003098 seconds.
Begin MonoManager ReloadAssembly
Native extension for Lumin target not found
Native extension for LinuxStandalone target not found
Native extension for WindowsStandalone target not found
Native extension for OSXStandalone target not found
Native extension for WebGL target not found
Refreshing native plugins compatible for Editor in 0.66 ms, found 1 plugins.
Preloading 0 native plugins for Editor in 0.00 ms.
Mono: successfully reloaded assembly
- Completed reload, in  0.925 seconds
Platform modules already initialized, skipping
Shader 'Universal Render Pipeline/Particles/Lit': fallback shader 'Universal Render Pipeline/Particles/SimpleLit' not found
Shader 'Universal Render Pipeline/Particles/Lit': fallback shader 'Universal Render Pipeline/Particles/SimpleLit' not found
Refreshing native plugins compatible for Editor in 0.65 ms, found 1 plugins.
Preloading 0 native plugins for Editor in 0.00 ms.
Unloading 4062 Unused Serialized files (Serialized files now loaded: 0)
System memory in use before: 165.7 MB.
System memory in use after: 163.3 MB.

Unloading 43 unused Assets to reduce memory usage. Loaded Objects now: 4673.
Total: 3.403900 ms (FindLiveObjects: 0.322200 ms CreateObjectMapping: 0.235300 ms MarkObjects: 1.903200 ms  DeleteObjects: 0.942300 ms)

========================================================================
Received Import Request.
  Time since last request: 163.973229 seconds.
  path: Assets/Scenes/GAME.unity
  artifactKey: Guid(2d00e28763f5b344c8b115a0682ac800) Importer(815301076,1909f56bfc062723c751e8b465ee728b)
Start importing Assets/Scenes/GAME.unity using Guid(2d00e28763f5b344c8b115a0682ac800) Importer(815301076,1909f56bfc062723c751e8b465ee728b)  -> (artifact id: '464ce7192eb9d312cee45060ce16e3e7') in 0.022087 seconds 
========================================================================
Received Prepare
Registering precompiled user dll's ...
Registered in 0.003089 seconds.
Begin MonoManager ReloadAssembly
Native extension for Lumin target not found
Native extension for LinuxStandalone target not found
Native extension for WindowsStandalone target not found
Native extension for OSXStandalone target not found
Native extension for WebGL target not found
Refreshing native plugins compatible for Editor in 0.71 ms, found 1 plugins.
Preloading 0 native plugins for Editor in 0.00 ms.
Mono: successfully reloaded assembly
- Completed reload, in  0.949 seconds
Platform modules already initialized, skipping
Shader 'Universal Render Pipeline/Particles/Lit': fallback shader 'Universal Render Pipeline/Particles/SimpleLit' not found
Shader 'Universal Render Pipeline/Particles/Lit': fallback shader 'Universal Render Pipeline/Particles/SimpleLit' not found
Refreshing native plugins compatible for Editor in 0.64 ms, found 1 plugins.
Preloading 0 native plugins for Editor in 0.00 ms.
Unloading 4062 Unused Serialized files (Serialized files now loaded: 0)
System memory in use before: 165.7 MB.
System memory in use after: 163.3 MB.

Unloading 43 unused Assets to reduce memory usage. Loaded Objects now: 4676.
Total: 3.121500 ms (FindLiveObjects: 0.289000 ms CreateObjectMapping: 0.193800 ms MarkObjects: 1.717000 ms  DeleteObjects: 0.920500 ms)

========================================================================
Received Prepare
Registering precompiled user dll's ...
Registered in 0.003116 seconds.
Begin MonoManager ReloadAssembly
Native extension for Lumin target not found
Native extension for LinuxStandalone target not found
Native extension for WindowsStandalone target not found
Native extension for OSXStandalone target not found
Native extension for WebGL target not found
Refreshing native plugins compatible for Editor in 0.64 ms, found 1 plugins.
Preloading 0 native plugins for Editor in 0.00 ms.
Mono: successfully reloaded assembly
- Completed reload, in  0.922 seconds
Platform modules already initialized, skipping
Shader 'Universal Render Pipeline/Particles/Lit': fallback shader 'Universal Render Pipeline/Particles/SimpleLit' not found
Shader 'Universal Render Pipeline/Particles/Lit': fallback shader 'Universal Render Pipeline/Particles/SimpleLit' not found
Refreshing native plugins compatible for Editor in 0.65 ms, found 1 plugins.
Preloading 0 native plugins for Editor in 0.00 ms.
Unloading 4062 Unused Serialized files (Serialized files now loaded: 0)
System memory in use before: 165.7 MB.
System memory in use after: 163.3 MB.

Unloading 43 unused Assets to reduce memory usage. Loaded Objects now: 4679.
Total: 3.201800 ms (FindLiveObjects: 0.306200 ms CreateObjectMapping: 0.202400 ms MarkObjects: 1.716000 ms  DeleteObjects: 0.976100 ms)

========================================================================
Received Prepare
Registering precompiled user dll's ...
Registered in 0.003171 seconds.
Begin MonoManager ReloadAssembly
Native extension for Lumin target not found
Native extension for LinuxStandalone target not found
Native extension for WindowsStandalone target not found
Native extension for OSXStandalone target not found
Native extension for WebGL target not found
Refreshing native plugins compatible for Editor in 0.67 ms, found 1 plugins.
Preloading 0 native plugins for Editor in 0.00 ms.
Mono: successfully reloaded assembly
- Completed reload, in  1.009 seconds
Platform modules already initialized, skipping
Shader 'Universal Render Pipeline/Particles/Lit': fallback shader 'Universal Render Pipeline/Particles/SimpleLit' not found
Shader 'Universal Render Pipeline/Particles/Lit': fallback shader 'Universal Render Pipeline/Particles/SimpleLit' not found
Refreshing native plugins compatible for Editor in 0.65 ms, found 1 plugins.
Preloading 0 native plugins for Editor in 0.00 ms.
Unloading 4062 Unused Serialized files (Serialized files now loaded: 0)
System memory in use before: 165.7 MB.
System memory in use after: 163.3 MB.

Unloading 43 unused Assets to reduce memory usage. Loaded Objects now: 4682.
Total: 3.423700 ms (FindLiveObjects: 0.288100 ms CreateObjectMapping: 0.198400 ms MarkObjects: 1.972200 ms  DeleteObjects: 0.964000 ms)

========================================================================
Received Prepare
Registering precompiled user dll's ...
Registered in 0.003086 seconds.
Begin MonoManager ReloadAssembly
Native extension for Lumin target not found
Native extension for LinuxStandalone target not found
Native extension for WindowsStandalone target not found
Native extension for OSXStandalone target not found
Native extension for WebGL target not found
Refreshing native plugins compatible for Editor in 0.64 ms, found 1 plugins.
Preloading 0 native plugins for Editor in 0.00 ms.
Mono: successfully reloaded assembly
- Completed reload, in  0.923 seconds
Platform modules already initialized, skipping
Shader 'Universal Render Pipeline/Particles/Lit': fallback shader 'Universal Render Pipeline/Particles/SimpleLit' not found
Shader 'Universal Render Pipeline/Particles/Lit': fallback shader 'Universal Render Pipeline/Particles/SimpleLit' not found
Refreshing native plugins compatible for Editor in 0.64 ms, found 1 plugins.
Preloading 0 native plugins for Editor in 0.00 ms.
Unloading 4062 Unused Serialized files (Serialized files now loaded: 0)
System memory in use before: 165.8 MB.
System memory in use after: 163.3 MB.

Unloading 43 unused Assets to reduce memory usage. Loaded Objects now: 4685.
Total: 3.182900 ms (FindLiveObjects: 0.291900 ms CreateObjectMapping: 0.209300 ms MarkObjects: 1.729700 ms  DeleteObjects: 0.951400 ms)

========================================================================
Received Import Request.
  Time since last request: 1371.373697 seconds.
  path: Assets/Scenes/SimpleScene/NavMesh.asset
  artifactKey: Guid(f2e50f9eef12db34ca9df2513c28008e) Importer(815301076,1909f56bfc062723c751e8b465ee728b)
Start importing Assets/Scenes/SimpleScene/NavMesh.asset using Guid(f2e50f9eef12db34ca9df2513c28008e) Importer(815301076,1909f56bfc062723c751e8b465ee728b)  -> (artifact id: '9b29910f2bec0e3b73fff1f826d51245') in 0.038738 seconds 
========================================================================
Received Import Request.
  Time since last request: 0.000166 seconds.
  path: Assets/Scenes/PeterProject
  artifactKey: Guid(bbd7fb8813df0bd449e70797cb71c8f2) Importer(815301076,1909f56bfc062723c751e8b465ee728b)
Start importing Assets/Scenes/PeterProject using Guid(bbd7fb8813df0bd449e70797cb71c8f2) Importer(815301076,1909f56bfc062723c751e8b465ee728b)  -> (artifact id: '68d5913c52983ec5aef214b2d3ace75c') in 0.005090 seconds 
========================================================================
Received Import Request.
  Time since last request: 0.000174 seconds.
  path: Assets/Scenes/SimpleScene
  artifactKey: Guid(aa2e119703737bd489f28a698789435c) Importer(815301076,1909f56bfc062723c751e8b465ee728b)
Start importing Assets/Scenes/SimpleScene using Guid(aa2e119703737bd489f28a698789435c) Importer(815301076,1909f56bfc062723c751e8b465ee728b)  -> (artifact id: '0bbbfc6968606e0f95d987f7d117b23e') in 0.005090 seconds 
========================================================================
Received Import Request.
  Time since last request: 14.620014 seconds.
  path: Assets/Scenes/PetersThings
  artifactKey: Guid(bbd7fb8813df0bd449e70797cb71c8f2) Importer(815301076,1909f56bfc062723c751e8b465ee728b)
Start importing Assets/Scenes/PetersThings using Guid(bbd7fb8813df0bd449e70797cb71c8f2) Importer(815301076,1909f56bfc062723c751e8b465ee728b)  -> (artifact id: 'c3f0abe05138b4a3a91b0837c0056777') in 0.006140 seconds 
========================================================================
Received Import Request.
  Time since last request: 15.030381 seconds.
  path: Assets/Scenes/GAME.unity
  artifactKey: Guid(2d00e28763f5b344c8b115a0682ac800) Importer(815301076,1909f56bfc062723c751e8b465ee728b)
Start importing Assets/Scenes/GAME.unity using Guid(2d00e28763f5b344c8b115a0682ac800) Importer(815301076,1909f56bfc062723c751e8b465ee728b)  -> (artifact id: '2c85662670b62be35f4dd160e217c49f') in 0.002825 seconds 
========================================================================
Received Import Request.
  Time since last request: 4.697313 seconds.
  path: Assets/Scenes/PetersThings/Canvas.prefab
  artifactKey: Guid(3632ce385c84aa94a9a4eac4f39e5758) Importer(815301076,1909f56bfc062723c751e8b465ee728b)
Start importing Assets/Scenes/PetersThings/Canvas.prefab using Guid(3632ce385c84aa94a9a4eac4f39e5758) Importer(815301076,1909f56bfc062723c751e8b465ee728b)  -> (artifact id: 'd19a822c8ada16fc3b5b7d774a22a8cf') in 0.092940 seconds 
AssetImportWorkerClient::OnTransportError - code=2 error=End of file
